<?xml version="1.0" encoding="UTF-8"?>
<testsuite xmlns:xsi="http://www.w3.org/2001/XMLSchema-instance" xsi:noNamespaceSchemaLocation="https://maven.apache.org/surefire/maven-surefire-plugin/xsd/surefire-test-report-3.0.xsd" version="3.0" name="com.cinemesh.ConcurrencyBookingStressTest" time="21.747" tests="1" errors="0" skipped="0" failures="0">
  <properties>
[...]
</properties>
  <testcase name="testConcurrentSeatReservation" classname="com.cinemesh.ConcurrencyBookingStressTest" time="1.714">
    <system-out><![CDATA[00:35:21.139 [main] INFO org.springframework.test.context.support.AnnotationConfigContextLoaderUtils -- Could not detect default configuration classes for test class [com.cinemesh.ConcurrencyBookingStressTest]: ConcurrencyBookingStressTest does not declare any static, non-private, non-final, nested classes annotated with @Configuration.
00:35:21.348 [main] INFO org.springframework.boot.test.context.SpringBootTestContextBootstrapper -- Found @SpringBootConfiguration com.cinemesh.CineMeshApplication for test class com.cinemesh.ConcurrencyBookingStressTest

  .   ____          _            __ _ _
 /\\ / ___'_ __ _ _(_)_ __  __ _ \ \ \ \
( ( )\___ | '_ | '_| | '_ \/ _` | \ \ \ \
 \\/  ___)| |_)| | | | | || (_| |  ) ) ) )
  '  |____| .__|_| |_|_| |_\__, | / / / /
 =========|_|==============|___/=/_/_/_/
 :: Spring Boot ::                (v3.2.3)

2026-09-10T00:35:22.694+05:30  INFO 21664 --- [cinemesh-platform] [           main] c.cinemesh.ConcurrencyBookingStressTest  : Starting ConcurrencyBookingStressTest using Java 17.0.18 with PID 21664 (started by PAVALAN in C:\Users\PAVALAN\.gemini\antigravity\scratch\cinemesh)
2026-09-10T00:35:22.698+05:30  INFO 21664 --- [cinemesh-platform] [           main] c.cinemesh.ConcurrencyBookingStressTest  : No active profile set, falling back to 1 default profile: "default"
2026-09-10T00:35:25.296+05:30  INFO 21664 --- [cinemesh-platform] [           main] .s.d.r.c.RepositoryConfigurationDelegate : Bootstrapping Spring Data JPA repositories in DEFAULT mode.
2026-09-10T00:35:25.521+05:30  INFO 21664 --- [cinemesh-platform] [           main] .s.d.r.c.RepositoryConfigurationDelegate : Finished Spring Data repository scanning in 203 ms. Found 9 JPA repository interfaces.
2026-09-10T00:35:26.356+05:30  WARN 21664 --- [cinemesh-platform] [           main] trationDelegate$BeanPostProcessorChecker : Bean 'webServiceConfig' of type [com.cinemesh.config.WebServiceConfig$$SpringCGLIB$$0] is not eligible for getting processed by all BeanPostProcessors (for example: not eligible for auto-proxying). Is this bean getting eagerly injected into a currently created BeanPostProcessor [annotationActionEndpointMapping]? Check the corresponding BeanPostProcessor declaration and its dependencies.
2026-09-10T00:35:26.358+05:30  WARN 21664 --- [cinemesh-platform] [           main] trationDelegate$BeanPostProcessorChecker : Bean 'org.springframework.ws.config.annotation.DelegatingWsConfiguration' of type [org.springframework.ws.config.annotation.DelegatingWsConfiguration$$SpringCGLIB$$0] is not eligible for getting processed by all BeanPostProcessors (for example: not eligible for auto-proxying). The currently created BeanPostProcessor [annotationActionEndpointMapping] is declared through a non-static factory method on that class; consider declaring it as static instead.
2026-09-10T00:35:26.439+05:30  INFO 21664 --- [cinemesh-platform] [           main] .w.s.a.s.AnnotationActionEndpointMapping : Supporting [WS-Addressing August 2004, WS-Addressing 1.0]
2026-09-10T00:35:27.622+05:30  INFO 21664 --- [cinemesh-platform] [           main] o.hibernate.jpa.internal.util.LogHelper  : HHH000204: Processing PersistenceUnitInfo [name: default]
2026-09-10T00:35:27.779+05:30  INFO 21664 --- [cinemesh-platform] [           main] org.hibernate.Version                    : HHH000412: Hibernate ORM core version 6.4.4.Final
2026-09-10T00:35:27.873+05:30  INFO 21664 --- [cinemesh-platform] [           main] o.h.c.internal.RegionFactoryInitiator    : HHH000026: Second-level cache disabled
2026-09-10T00:35:28.705+05:30  INFO 21664 --- [cinemesh-platform] [           main] o.s.o.j.p.SpringPersistenceUnitInfo      : No LoadTimeWeaver setup: ignoring JPA class transformer
2026-09-10T00:35:28.781+05:30  INFO 21664 --- [cinemesh-platform] [           main] com.zaxxer.hikari.HikariDataSource       : HikariPool-1 - Starting...
2026-09-10T00:35:29.225+05:30  INFO 21664 --- [cinemesh-platform] [           main] com.zaxxer.hikari.pool.HikariPool        : HikariPool-1 - Added connection conn0: url=jdbc:h2:mem:cinemeshdb user=SA
2026-09-10T00:35:29.229+05:30  INFO 21664 --- [cinemesh-platform] [           main] com.zaxxer.hikari.HikariDataSource       : HikariPool-1 - Start completed.
2026-09-10T00:35:29.292+05:30  WARN 21664 --- [cinemesh-platform] [           main] org.hibernate.orm.deprecation            : HHH90000025: H2Dialect does not need to be specified explicitly using 'hibernate.dialect' (remove the property setting and it will be selected by default)
2026-09-10T00:35:31.618+05:30  INFO 21664 --- [cinemesh-platform] [           main] o.h.e.t.j.p.i.JtaPlatformInitiator       : HHH000489: No JTA platform available (set 'hibernate.transaction.jta.platform' to enable JTA platform integration)
2026-09-10T00:35:31.785+05:30  INFO 21664 --- [cinemesh-platform] [           main] j.LocalContainerEntityManagerFactoryBean : Initialized JPA EntityManagerFactory for persistence unit 'default'
2026-09-10T00:35:33.294+05:30  INFO 21664 --- [cinemesh-platform] [           main] o.s.d.j.r.query.QueryEnhancerFactory     : Hibernate is in classpath; If applicable, HQL parser will be used.
2026-09-10T00:35:35.250+05:30  WARN 21664 --- [cinemesh-platform] [           main] JpaBaseConfiguration$JpaWebConfiguration : spring.jpa.open-in-view is enabled by default. Therefore, database queries may be performed during view rendering. Explicitly configure spring.jpa.open-in-view to disable this warning
2026-09-10T00:35:35.346+05:30  WARN 21664 --- [cinemesh-platform] [           main] .s.s.UserDetailsServiceAutoConfiguration : 

Using generated security password: 81bfc5e2-2147-4e03-a530-6fa354109401

This generated password is for development use only. Your security configuration must be updated before running your application in production.

2026-09-10T00:35:36.192+05:30  INFO 21664 --- [cinemesh-platform] [           main] o.s.b.a.w.s.WelcomePageHandlerMapping    : Adding welcome page: class path resource [static/index.html]
2026-09-10T00:35:36.849+05:30  INFO 21664 --- [cinemesh-platform] [           main] o.s.b.a.e.web.EndpointLinksResolver      : Exposing 4 endpoint(s) beneath base path '/actuator'
2026-09-10T00:35:37.098+05:30  INFO 21664 --- [cinemesh-platform] [           main] o.s.s.web.DefaultSecurityFilterChain     : Will secure any request with [org.springframework.security.web.session.DisableEncodeUrlFilter@ecd7bee, org.springframework.security.web.context.request.async.WebAsyncManagerIntegrationFilter@45c95343, org.springframework.security.web.context.SecurityContextHolderFilter@4dce4286, org.springframework.security.web.header.HeaderWriterFilter@19d118d5, org.springframework.security.web.authentication.logout.LogoutFilter@11088420, org.springframework.security.web.savedrequest.RequestCacheAwareFilter@46a9af36, org.springframework.security.web.servletapi.SecurityContextHolderAwareRequestFilter@4a218cc6, org.springframework.security.web.authentication.AnonymousAuthenticationFilter@70900474, org.springframework.security.web.access.ExceptionTranslationFilter@51761e07, org.springframework.security.web.access.intercept.AuthorizationFilter@72efba55]
2026-09-10T00:35:38.877+05:30  INFO 21664 --- [cinemesh-platform] [           main] o.s.b.a.h2.H2ConsoleAutoConfiguration    : H2 console available at '/h2-console'. Database available at 'jdbc:h2:mem:cinemeshdb'
2026-09-10T00:35:39.185+05:30  INFO 21664 --- [cinemesh-platform] [           main] o.s.m.s.b.SimpleBrokerMessageHandler     : Starting...
2026-09-10T00:35:39.187+05:30  INFO 21664 --- [cinemesh-platform] [           main] o.s.m.s.b.SimpleBrokerMessageHandler     : BrokerAvailabilityEvent[available=true, SimpleBrokerMessageHandler [org.springframework.messaging.simp.broker.DefaultSubscriptionRegistry@5c9aff2]]
2026-09-10T00:35:39.189+05:30  INFO 21664 --- [cinemesh-platform] [           main] o.s.m.s.b.SimpleBrokerMessageHandler     : Started.
2026-09-10T00:35:39.224+05:30  INFO 21664 --- [cinemesh-platform] [           main] c.cinemesh.ConcurrencyBookingStressTest  : Started ConcurrencyBookingStressTest in 17.333 seconds (process running for 19.628)
2026-09-10T00:35:39.453+05:30  INFO 21664 --- [cinemesh-platform] [           main] com.cinemesh.config.DataInitializer      : Initializing CineMesh Multi-Tenant Database with demo data...
2026-09-10T00:35:40.805+05:30  INFO 21664 --- [cinemesh-platform] [           main] com.cinemesh.config.DataInitializer      : CineMesh database initialization completed successfully with 3 tenants and shows!
2026-09-10T00:35:41.902+05:30  INFO 21664 --- [cinemesh-platform] [pool-3-thread-1] c.cinemesh.service.CoordinationService   : Successfully locked seats [A1, A2] for show 1 by customer 1000 with token d1b0d04e-f024-4a16-8e93-581bcdf57c23
2026-09-10T00:35:42.164+05:30  INFO 21664 --- [cinemesh-platform] [pool-3-thread-1] com.cinemesh.service.BookingService      : Created pending booking BKG-8F085102 for show 1, total Rs.800.0
2026-09-10T00:35:42.183+05:30  INFO 21664 --- [cinemesh-platform] [pool-3-thread-1] c.cinemesh.service.CoordinationService   : Confirmed booking for seats [A1, A2] in show 1
2026-09-10T00:35:42.489+05:30  INFO 21664 --- [cinemesh-platform] [pool-3-thread-1] c.cinemesh.service.NotificationService   : [NOTIFICATION DISPATCHED] ID: NTF-F677F1F9, Recipient: customer@cinemesh.com, Movie: Leo: Bloody Sweet, Show: 2026-09-10T18:00, Seats: A1, A2, BookingRef: BKG-8F085102
2026-09-10T00:35:42.489+05:30  INFO 21664 --- [cinemesh-platform] [pool-3-thread-1] com.cinemesh.service.BookingService      : Booking BKG-8F085102 confirmed with payment TXN-TEST-1000
2026-09-10T00:35:42.509+05:30  INFO 21664 --- [cinemesh-platform] [           main] c.cinemesh.ConcurrencyBookingStressTest  : Concurrency Test Result: Successes = 1, Failures = 49
]]></system-out>
  </testcase>
</testsuite>